<?xml version="1.0" encoding="UTF-8"?>
<testsuites>
    <testsuite name="loggin-feature;login-1,-login-3,-login-5-och-login-6" tests="7" failures="1" skipped="6">
        <properties>
            <property name="URI" value="C:\Users\admin.LANTBOFF4275\Documents\GitHub\gilfoylego_master\gilfoylego_vue\tests\Selenium\features\loggin.feature">
            </property>
        </properties>
        <testcase name="Given that I am on the homepage" classname="loggin-feature;login-1,-login-3,-login-5-och-login-6" time="2.791537899">
            <failure message="SessionNotCreatedError: session not created: This version of ChromeDriver only supports Chrome version 80">SessionNotCreatedError: session not created: This version of ChromeDriver only supports Chrome version 80
  (Driver info: chromedriver=80.0.3987.16 (320f6526c1632ad4f205ebce69b99a062ed78647-refs/branch-heads/3987@{#185}),platform=Windows NT 10.0.18362 x86_64)
    at Object.checkLegacyResponse (C:\Users\admin.LANTBOFF4275\Documents\GitHub\gilfoylego_master\gilfoylego_vue\node_modules\selenium-webdriver\lib\error.js:529:15)
    at parseHttpResponse (C:\Users\admin.LANTBOFF4275\Documents\GitHub\gilfoylego_master\gilfoylego_vue\node_modules\selenium-webdriver\lib\http.js:509:13)
    at C:\Users\admin.LANTBOFF4275\Documents\GitHub\gilfoylego_master\gilfoylego_vue\node_modules\selenium-webdriver\lib\http.js:441:30
    at processTicksAndRejections (internal/process/task_queues.js:93:5)
From: Task: WebDriver.createSession()
    at Function.createSession (C:\Users\admin.LANTBOFF4275\Documents\GitHub\gilfoylego_master\gilfoylego_vue\node_modules\selenium-webdriver\lib\webdriver.js:769:24)
    at Function.createSession (C:\Users\admin.LANTBOFF4275\Documents\GitHub\gilfoylego_master\gilfoylego_vue\node_modules\selenium-webdriver\chrome.js:761:15)
    at createDriver (C:\Users\admin.LANTBOFF4275\Documents\GitHub\gilfoylego_master\gilfoylego_vue\node_modules\selenium-webdriver\index.js:170:33)
    at Builder.build (C:\Users\admin.LANTBOFF4275\Documents\GitHub\gilfoylego_master\gilfoylego_vue\node_modules\selenium-webdriver\index.js:642:16)
    at new module.exports (C:\Users\admin.LANTBOFF4275\Documents\GitHub\gilfoylego_master\gilfoylego_vue\node_modules\selenium-cucumber-js\runtime\chromeDriver.js:20:8)
    at getDriverInstance (C:\Users\admin.LANTBOFF4275\Documents\GitHub\gilfoylego_master\gilfoylego_vue\node_modules\selenium-cucumber-js\runtime\world.js:54:22)
    at C:\Users\admin.LANTBOFF4275\Documents\GitHub\gilfoylego_master\gilfoylego_vue\node_modules\selenium-cucumber-js\runtime\world.js:207:29</failure>
        </testcase>
        <testcase name="When I click the account button" classname="loggin-feature;login-1,-login-3,-login-5-och-login-6">
            <skipped message="">
            </skipped>
        </testcase>
        <testcase name="And I click on loggin in the dropdown menu" classname="loggin-feature;login-1,-login-3,-login-5-och-login-6">
            <skipped message="">
            </skipped>
        </testcase>
        <testcase name="And I enter the username &quot;admin&quot;" classname="loggin-feature;login-1,-login-3,-login-5-och-login-6">
            <skipped message="">
            </skipped>
        </testcase>
        <testcase name="And I enter the password &quot;admin&quot;" classname="loggin-feature;login-1,-login-3,-login-5-och-login-6">
            <skipped message="">
            </skipped>
        </testcase>
        <testcase name="And I click the login button" classname="loggin-feature;login-1,-login-3,-login-5-och-login-6">
            <skipped message="">
            </skipped>
        </testcase>
        <testcase name="Then I should be logged in" classname="loggin-feature;login-1,-login-3,-login-5-och-login-6">
            <skipped message="">
            </skipped>
        </testcase>
    </testsuite>
    <testsuite name="loggin-feature;fail-to-log-in" tests="7" failures="1" skipped="6">
        <properties>
            <property name="URI" value="C:\Users\admin.LANTBOFF4275\Documents\GitHub\gilfoylego_master\gilfoylego_vue\tests\Selenium\features\loggin.feature">
            </property>
        </properties>
        <testcase name="Given that I am on the homepage" classname="loggin-feature;fail-to-log-in" time="1.517634499">
            <failure message="SessionNotCreatedError: session not created: This version of ChromeDriver only supports Chrome version 80">SessionNotCreatedError: session not created: This version of ChromeDriver only supports Chrome version 80
  (Driver info: chromedriver=80.0.3987.16 (320f6526c1632ad4f205ebce69b99a062ed78647-refs/branch-heads/3987@{#185}),platform=Windows NT 10.0.18362 x86_64)
    at Object.checkLegacyResponse (C:\Users\admin.LANTBOFF4275\Documents\GitHub\gilfoylego_master\gilfoylego_vue\node_modules\selenium-webdriver\lib\error.js:529:15)
    at parseHttpResponse (C:\Users\admin.LANTBOFF4275\Documents\GitHub\gilfoylego_master\gilfoylego_vue\node_modules\selenium-webdriver\lib\http.js:509:13)
    at C:\Users\admin.LANTBOFF4275\Documents\GitHub\gilfoylego_master\gilfoylego_vue\node_modules\selenium-webdriver\lib\http.js:441:30
    at processTicksAndRejections (internal/process/task_queues.js:93:5)
From: Task: WebDriver.createSession()
    at Function.createSession (C:\Users\admin.LANTBOFF4275\Documents\GitHub\gilfoylego_master\gilfoylego_vue\node_modules\selenium-webdriver\lib\webdriver.js:769:24)
    at Function.createSession (C:\Users\admin.LANTBOFF4275\Documents\GitHub\gilfoylego_master\gilfoylego_vue\node_modules\selenium-webdriver\chrome.js:761:15)
    at createDriver (C:\Users\admin.LANTBOFF4275\Documents\GitHub\gilfoylego_master\gilfoylego_vue\node_modules\selenium-webdriver\index.js:170:33)
    at Builder.build (C:\Users\admin.LANTBOFF4275\Documents\GitHub\gilfoylego_master\gilfoylego_vue\node_modules\selenium-webdriver\index.js:642:16)
    at new module.exports (C:\Users\admin.LANTBOFF4275\Documents\GitHub\gilfoylego_master\gilfoylego_vue\node_modules\selenium-cucumber-js\runtime\chromeDriver.js:20:8)
    at getDriverInstance (C:\Users\admin.LANTBOFF4275\Documents\GitHub\gilfoylego_master\gilfoylego_vue\node_modules\selenium-cucumber-js\runtime\world.js:54:22)
    at C:\Users\admin.LANTBOFF4275\Documents\GitHub\gilfoylego_master\gilfoylego_vue\node_modules\selenium-cucumber-js\runtime\world.js:207:29</failure>
        </testcase>
        <testcase name="When I click the account button" classname="loggin-feature;fail-to-log-in">
            <skipped message="">
            </skipped>
        </testcase>
        <testcase name="And I click on loggin in the dropdown menu" classname="loggin-feature;fail-to-log-in">
            <skipped message="">
            </skipped>
        </testcase>
        <testcase name="And I enter the username &quot;fel&quot;" classname="loggin-feature;fail-to-log-in">
            <skipped message="">
            </skipped>
        </testcase>
        <testcase name="And I enter the password &quot;fel&quot;" classname="loggin-feature;fail-to-log-in">
            <skipped message="">
            </skipped>
        </testcase>
        <testcase name="And I click the login button" classname="loggin-feature;fail-to-log-in">
            <skipped message="">
            </skipped>
        </testcase>
        <testcase name="Then I should still be logged out" classname="loggin-feature;fail-to-log-in">
            <skipped message="">
            </skipped>
        </testcase>
    </testsuite>
</testsuites>