<?xml version="1.0" encoding="UTF-8"?>
<testsuites>
    <testsuite name="search-function;search-norge" tests="3" failures="0" skipped="0">
        <properties>
            <property name="URI" value="C:\Users\admin.LANTBOFF4275\Documents\GitHub\gilfoylego_master\gilfoylego_vue\tests\Selenium\features\search.feature">
            </property>
        </properties>
        <testcase name="Given that im on the search page" classname="search-function;search-norge" time="12.6981235">
        </testcase>
        <testcase name="When I search for hotels in &quot;Norge&quot;" classname="search-function;search-norge" time="0.736251299">
        </testcase>
        <testcase name="Then my frist search result should be a hotel in Norge" classname="search-function;search-norge" time="0.029083201">
        </testcase>
    </testsuite>
    <testsuite name="search-function;search-sverige" tests="3" failures="0" skipped="0">
        <properties>
            <property name="URI" value="C:\Users\admin.LANTBOFF4275\Documents\GitHub\gilfoylego_master\gilfoylego_vue\tests\Selenium\features\search.feature">
            </property>
        </properties>
        <testcase name="Given that im on the search page" classname="search-function;search-sverige" time="11.7051571">
        </testcase>
        <testcase name="When I search for hotels in &quot;Sverige&quot;" classname="search-function;search-sverige" time="0.5381297">
        </testcase>
        <testcase name="Then my frist search result should be a hotel in Sverige" classname="search-function;search-sverige" time="0.050297101">
        </testcase>
    </testsuite>
    <testsuite name="search-function;search-danmark" tests="3" failures="0" skipped="0">
        <properties>
            <property name="URI" value="C:\Users\admin.LANTBOFF4275\Documents\GitHub\gilfoylego_master\gilfoylego_vue\tests\Selenium\features\search.feature">
            </property>
        </properties>
        <testcase name="Given that im on the search page" classname="search-function;search-danmark" time="11.619800899">
        </testcase>
        <testcase name="When I search for hotels in &quot;Danmark&quot;" classname="search-function;search-danmark" time="0.528156699">
        </testcase>
        <testcase name="Then my frist search result should be a hotel in Danmark" classname="search-function;search-danmark" time="0.0191879">
        </testcase>
    </testsuite>
</testsuites>