<?xml version="1.0" encoding="UTF-8"?>
<testsuites>
    <testsuite name="search-function;search-norge" tests="3" failures="0" skipped="0">
        <properties>
            <property name="URI" value="C:\Users\admin.LANTBOFF4275\Documents\GitHub\gilfoylego_master\gilfoylego_vue\tests\Selenium\features\search.feature">
            </property>
        </properties>
        <testcase name="Given that im on the search page" classname="search-function;search-norge" time="11.6641173">
        </testcase>
        <testcase name="When I search for hotels in &quot;Norge&quot;" classname="search-function;search-norge" time="0.5815735">
        </testcase>
        <testcase name="Then my frist search result should be a hotel in Norge" classname="search-function;search-norge" time="0.191021899">
        </testcase>
    </testsuite>
    <testsuite name="search-function;search-sverige" tests="3" failures="0" skipped="0">
        <properties>
            <property name="URI" value="C:\Users\admin.LANTBOFF4275\Documents\GitHub\gilfoylego_master\gilfoylego_vue\tests\Selenium\features\search.feature">
            </property>
        </properties>
        <testcase name="Given that im on the search page" classname="search-function;search-sverige" time="10.7988679">
        </testcase>
        <testcase name="When I search for hotels in &quot;Sverige&quot;" classname="search-function;search-sverige" time="0.634589701">
        </testcase>
        <testcase name="Then my frist search result should be a hotel in Sverige" classname="search-function;search-sverige" time="0.0256279">
        </testcase>
    </testsuite>
    <testsuite name="search-function;search-danmark" tests="3" failures="0" skipped="0">
        <properties>
            <property name="URI" value="C:\Users\admin.LANTBOFF4275\Documents\GitHub\gilfoylego_master\gilfoylego_vue\tests\Selenium\features\search.feature">
            </property>
        </properties>
        <testcase name="Given that im on the search page" classname="search-function;search-danmark" time="10.988820201">
        </testcase>
        <testcase name="When I search for hotels in &quot;Danmark&quot;" classname="search-function;search-danmark" time="0.5212861">
        </testcase>
        <testcase name="Then my frist search result should be a hotel in Danmark" classname="search-function;search-danmark" time="0.0246814">
        </testcase>
    </testsuite>
</testsuites>