<?xml version="1.0" encoding="UTF-8"?>
<testsuites>
    <testsuite name="loggin-feature;login-1,-login-3,-login-5-och-login-6" tests="7" failures="0" skipped="0">
        <properties>
            <property name="URI" value="C:\Users\toby_\OneDrive\Dokument\GitHub\gilfoylego_master\gilfoylego_vue\tests\Selenium\features\loggin.feature">
            </property>
        </properties>
        <testcase name="Given that I am on the homepage" classname="loggin-feature;login-1,-login-3,-login-5-och-login-6" time="12.262849101">
        </testcase>
        <testcase name="When I click the account button" classname="loggin-feature;login-1,-login-3,-login-5-och-login-6" time="0.423638399">
        </testcase>
        <testcase name="And I click on loggin in the dropdown menu" classname="loggin-feature;login-1,-login-3,-login-5-och-login-6" time="1.820321201">
        </testcase>
        <testcase name="And I enter the username &quot;admin&quot;" classname="loggin-feature;login-1,-login-3,-login-5-och-login-6" time="0.3052565">
        </testcase>
        <testcase name="And I enter the password &quot;admin&quot;" classname="loggin-feature;login-1,-login-3,-login-5-och-login-6" time="0.2405456">
        </testcase>
        <testcase name="And I click the login button" classname="loggin-feature;login-1,-login-3,-login-5-och-login-6" time="0.027991599">
        </testcase>
        <testcase name="Then I should be logged in" classname="loggin-feature;login-1,-login-3,-login-5-och-login-6" time="3.053645301">
        </testcase>
    </testsuite>
    <testsuite name="loggin-feature;fail-to-log-in" tests="7" failures="0" skipped="0">
        <properties>
            <property name="URI" value="C:\Users\toby_\OneDrive\Dokument\GitHub\gilfoylego_master\gilfoylego_vue\tests\Selenium\features\loggin.feature">
            </property>
        </properties>
        <testcase name="Given that I am on the homepage" classname="loggin-feature;fail-to-log-in" time="10.9393533">
        </testcase>
        <testcase name="When I click the account button" classname="loggin-feature;fail-to-log-in" time="0.3441346">
        </testcase>
        <testcase name="And I click on loggin in the dropdown menu" classname="loggin-feature;fail-to-log-in" time="1.247963099">
        </testcase>
        <testcase name="And I enter the username &quot;fel&quot;" classname="loggin-feature;fail-to-log-in" time="0.1826455">
        </testcase>
        <testcase name="And I enter the password &quot;fel&quot;" classname="loggin-feature;fail-to-log-in" time="0.1213648">
        </testcase>
        <testcase name="And I click the login button" classname="loggin-feature;fail-to-log-in" time="0.0180634">
        </testcase>
        <testcase name="Then I should still be logged out" classname="loggin-feature;fail-to-log-in" time="1.029463">
        </testcase>
    </testsuite>
</testsuites>